<?xml version="1.0" encoding="UTF-8"?>
<!-- Generated by org.testng.reporters.JUnitXMLReporter -->
<testsuite ignored="0" hostname="RAHUL-JACOB" failures="2" tests="17" name="Test" time="89.022" errors="0" timestamp="2024-02-10T20:13:27 IST">
  <testcase classname="testscripts.LoginTest" name="VerifyWhetherUserCanLoginUsingBothInvalidCredentials" time="0.609"/>
  <testcase classname="testscripts.LoginTest" name="VerifyWhetherUserCanLoginUsingInvalidUsernameButValidPassword" time="0.439"/>
  <testcase classname="testscripts.LoginTest" name="VerifyWhetherUserCanLoginUsingValidUsernameButInvalidPassword" time="0.294"/>
  <testcase classname="testscripts.LoginTest" name="verifyWhetherUserCanLoginUsingBothValidCredentials" time="0.549"/>
  <testcase classname="testscripts.AdminUsersTest" name="verifyThatANewAdminUserCanBeAddedToAdminUsersTable" time="1.274"/>
  <testcase classname="testscripts.AddLocationsTest" name="verifyWetherUserCanAddNewLocation" time="1.61"/>
  <testcase classname="testscripts.ManageDeliveryBoyTest" name="verifyWhenUserSearchDeliveryBoyUsingCredentialsItDisplaysDetailsOfCorrespondingDeliveryBoy" time="1.17"/>
  <testcase classname="testscripts.ManageOfferCodeTest" name="verifyWhetherTheUserIsAbleToAddANewOfferCodeInTheManageOfferCodePage" time="1.793">
    <skipped/>
  </testcase> <!-- verifyWhetherTheUserIsAbleToAddANewOfferCodeInTheManageOfferCodePage -->
  <testcase classname="testscripts.ManageOfferCodeTest" name="verifyWhetherTheUserIsAbleToAddANewOfferCodeInTheManageOfferCodePage" time="1.947">
    <skipped/>
  </testcase> <!-- verifyWhetherTheUserIsAbleToAddANewOfferCodeInTheManageOfferCodePage -->
  <testcase classname="testscripts.ManageOfferCodeTest" name="verifyWhetherTheUserIsAbleToAddANewOfferCodeInTheManageOfferCodePage" time="1.74">
    <failure type="java.lang.AssertionError" message="User is not able to add a new promo code in the manage offer code page expected [×
Alert!
Offer Code already exists.] but found [×
Alert!
Offer Created Successfully]">
      <![CDATA[java.lang.AssertionError: User is not able to add a new promo code in the manage offer code page expected [×
Alert!
Offer Code already exists.] but found [×
Alert!
Offer Created Successfully]
at testscripts.ManageOfferCodeTest.verifyWhetherTheUserIsAbleToAddANewOfferCodeInTheManageOfferCodePage(ManageOfferCodeTest.java:49)
at java.base/java.util.ArrayList.forEach(ArrayList.java:1511)
... Removed 30 stack frames]]>
    </failure>
  </testcase> <!-- verifyWhetherTheUserIsAbleToAddANewOfferCodeInTheManageOfferCodePage -->
  <testcase classname="testscripts.ManageOrdersTest" name="verifyThatTheUserCanSeeTheOrderDetailsInTheManageOrdersPage" time="12.537">
    <skipped/>
  </testcase> <!-- verifyThatTheUserCanSeeTheOrderDetailsInTheManageOrdersPage -->
  <testcase classname="testscripts.ManageOrdersTest" name="verifyThatTheUserCanSeeTheOrderDetailsInTheManageOrdersPage" time="12.459">
    <skipped/>
  </testcase> <!-- verifyThatTheUserCanSeeTheOrderDetailsInTheManageOrdersPage -->
  <testcase classname="testscripts.ManageOrdersTest" name="verifyThatTheUserCanSeeTheOrderDetailsInTheManageOrdersPage" time="12.667">
    <failure type="org.openqa.selenium.NoSuchElementException" message="no such element: Unable to locate element: {&amp;quot;method&amp;quot;:&amp;quot;xpath&amp;quot;,&amp;quot;selector&amp;quot;:&amp;quot;//div[contains(@class,&amp;apos;text-left&amp;apos;)]&amp;quot;}
  (Session info: chrome=121.0.6167.161)
For documentation on this error, please visit: https://www.selenium.dev/documentation/webdriver/troubleshooting/errors#no-such-element-exception
Build info: version: &amp;apos;4.15.0&amp;apos;, revision: &amp;apos;1d14b5521b&amp;apos;
System info: os.name: &amp;apos;Windows 11&amp;apos;, os.arch: &amp;apos;amd64&amp;apos;, os.version: &amp;apos;10.0&amp;apos;, java.version: &amp;apos;20.0.2&amp;apos;
Driver info: org.openqa.selenium.chrome.ChromeDriver
Command: [67fac1872ac9e5cee75f16f8feab219b, findElement {using=xpath, value=//div[contains(@class,&amp;apos;text-left&amp;apos;)]}]
Capabilities {acceptInsecureCerts: false, browserName: chrome, browserVersion: 121.0.6167.161, chrome: {chromedriverVersion: 121.0.6167.85 (3f98d690ad7e..., userDataDir: C:\Users\user\AppData\Local...}, fedcm:accounts: true, goog:chromeOptions: {debuggerAddress: localhost:55579}, networkConnectionEnabled: false, pageLoadStrategy: normal, platformName: windows, proxy: Proxy(), se:cdp: ws://localhost:55579/devtoo..., se:cdpVersion: 121.0.6167.161, setWindowRect: true, strictFileInteractability: false, timeouts: {implicit: 0, pageLoad: 300000, script: 30000}, unhandledPromptBehavior: dismiss and notify, webauthn:extension:credBlob: true, webauthn:extension:largeBlob: true, webauthn:extension:minPinLength: true, webauthn:extension:prf: true, webauthn:virtualAuthenticators: true}
Session ID: 67fac1872ac9e5cee75f16f8feab219b">
      <![CDATA[org.openqa.selenium.NoSuchElementException: no such element: Unable to locate element: {"method":"xpath","selector":"//div[contains(@class,'text-left')]"}
  (Session info: chrome=121.0.6167.161)
For documentation on this error, please visit: https://www.selenium.dev/documentation/webdriver/troubleshooting/errors#no-such-element-exception
Build info: version: '4.15.0', revision: '1d14b5521b'
System info: os.name: 'Windows 11', os.arch: 'amd64', os.version: '10.0', java.version: '20.0.2'
Driver info: org.openqa.selenium.chrome.ChromeDriver
Command: [67fac1872ac9e5cee75f16f8feab219b, findElement {using=xpath, value=//div[contains(@class,'text-left')]}]
Capabilities {acceptInsecureCerts: false, browserName: chrome, browserVersion: 121.0.6167.161, chrome: {chromedriverVersion: 121.0.6167.85 (3f98d690ad7e..., userDataDir: C:\Users\user\AppData\Local...}, fedcm:accounts: true, goog:chromeOptions: {debuggerAddress: localhost:55579}, networkConnectionEnabled: false, pageLoadStrategy: normal, platformName: windows, proxy: Proxy(), se:cdp: ws://localhost:55579/devtoo..., se:cdpVersion: 121.0.6167.161, setWindowRect: true, strictFileInteractability: false, timeouts: {implicit: 0, pageLoad: 300000, script: 30000}, unhandledPromptBehavior: dismiss and notify, webauthn:extension:credBlob: true, webauthn:extension:largeBlob: true, webauthn:extension:minPinLength: true, webauthn:extension:prf: true, webauthn:virtualAuthenticators: true}
Session ID: 67fac1872ac9e5cee75f16f8feab219b
at org.openqa.selenium.remote.codec.w3c.W3CHttpResponseCodec.createException(W3CHttpResponseCodec.java:200)
at org.openqa.selenium.remote.codec.w3c.W3CHttpResponseCodec.decode(W3CHttpResponseCodec.java:133)
at org.openqa.selenium.remote.codec.w3c.W3CHttpResponseCodec.decode(W3CHttpResponseCodec.java:52)
at org.openqa.selenium.remote.HttpCommandExecutor.execute(HttpCommandExecutor.java:191)
at org.openqa.selenium.remote.service.DriverCommandExecutor.invokeExecute(DriverCommandExecutor.java:200)
at org.openqa.selenium.remote.service.DriverCommandExecutor.execute(DriverCommandExecutor.java:175)
at org.openqa.selenium.remote.RemoteWebDriver.execute(RemoteWebDriver.java:607)
at org.openqa.selenium.remote.ElementLocation$ElementFinder$2.findElement(ElementLocation.java:165)
at org.openqa.selenium.remote.ElementLocation.findElement(ElementLocation.java:59)
at org.openqa.selenium.remote.RemoteWebDriver.findElement(RemoteWebDriver.java:364)
at org.openqa.selenium.remote.RemoteWebDriver.findElement(RemoteWebDriver.java:358)
at org.openqa.selenium.support.pagefactory.DefaultElementLocator.findElement(DefaultElementLocator.java:68)
at org.openqa.selenium.support.pagefactory.internal.LocatingElementHandler.invoke(LocatingElementHandler.java:38)
at jdk.proxy2/jdk.proxy2.$Proxy16.getText(Unknown Source)
at pages.ManageOrdersPage.isOrderIdMatching(ManageOrdersPage.java:35)
at testscripts.ManageOrdersTest.verifyThatTheUserCanSeeTheOrderDetailsInTheManageOrdersPage(ManageOrdersTest.java:35)
at java.base/java.util.ArrayList.forEach(ArrayList.java:1511)
... Removed 28 stack frames]]>
    </failure>
  </testcase> <!-- verifyThatTheUserCanSeeTheOrderDetailsInTheManageOrdersPage -->
  <testcase classname="testscripts.ManageSlidersTest" name="verifyThatUserIsAbleToUploadAnImageAndLinkToListSliders" time="1.828"/>
  <testcase classname="testscripts.MenuTest" name="verifyThatWhenClickedOnMenuItemsNavigatesToTheCorrespondingPage" time="2.336"/>
  <testcase classname="testscripts.MobileSliderTest" name="verifyThatTheUserCanAddANewSliderInTheMobileSliderPage" time="2.66"/>
  <testcase classname="testscripts.PushNotificationTest" name="verifyThatTheUserCanSendAMessageInPushNotificationPage" time="1.234"/>
</testsuite> <!-- Test -->
