<!DOCTYPE html PUBLIC "-//W3C//DTD XHTML 1.1//EN" "https://www.w3.org/TR/xhtml11/DTD/xhtml11.dtd">
<html xmlns="https://www.w3.org/1999/xhtml">
<head>
<meta http-equiv="content-type" content="text/html; charset=UTF-8"/>
<title>TestNG Report</title>
<style type="text/css">table {margin-bottom:10px;border-collapse:collapse;empty-cells:show}th,td {border:1px solid #009;padding:.25em .5em}th {vertical-align:bottom}td {vertical-align:top}table a {font-weight:bold}.stripe td {background-color: #E6EBF9}.num {text-align:right}.passedodd td {background-color: #3F3}.passedeven td {background-color: #0A0}.skippedodd td {background-color: #DDD}.skippedeven td {background-color: #CCC}.failedodd td,.attn {background-color: #F33}.failedeven td,.stripe .attn {background-color: #D00}.stacktrace {white-space:pre;font-family:monospace}.totop {font-size:85%;text-align:center;border-bottom:2px solid #000}.invisible {display:none}</style>
</head>
<body>
<table>
<tr><th>Test</th><th># Passed</th><th># Skipped</th><th># Retried</th><th># Failed</th><th>Time (ms)</th><th>Included Groups</th><th>Excluded Groups</th></tr>
<tr><th colspan="8">Suite</th></tr>
<tr><td><a href="#t0">Test</a></td><td class="num">0</td><td class="num attn">13</td><td class="num">0</td><td class="num">0</td><td class="num">23,125</td><td></td><td></td></tr>
</table>
<table id='summary'><thead><tr><th>Class</th><th>Method</th><th>Start</th><th>Time (ms)</th></tr></thead><tbody><tr><th colspan="4">Suite</th></tr></tbody><tbody id="t0"><tr><th colspan="4">Test &#8212; failed (configuration methods)</th></tr><tr class="failedeven"><td rowspan="1">testscripts.AddLocationsTest</td><td><a href="#m0">initializeBrowser</a></td><td rowspan="1">1707541140752</td><td rowspan="1">1447</td></tr><tr class="failedodd"><td rowspan="1">testscripts.AdminUsersTest</td><td><a href="#m1">initializeBrowser</a></td><td rowspan="1">1707541139289</td><td rowspan="1">1463</td></tr><tr class="failedeven"><td rowspan="1">testscripts.LoginTest</td><td><a href="#m2">initializeBrowser</a></td><td rowspan="1">1707541135581</td><td rowspan="1">3672</td></tr><tr class="failedodd"><td rowspan="1">testscripts.ManageDeliveryBoyTest</td><td><a href="#m3">initializeBrowser</a></td><td rowspan="1">1707541142203</td><td rowspan="1">1528</td></tr><tr class="failedeven"><td rowspan="1">testscripts.ManageOfferCodeTest</td><td><a href="#m4">initializeBrowser</a></td><td rowspan="1">1707541143731</td><td rowspan="1">1416</td></tr><tr class="failedodd"><td rowspan="1">testscripts.ManageOrdersTest</td><td><a href="#m5">initializeBrowser</a></td><td rowspan="1">1707541145147</td><td rowspan="1">1550</td></tr><tr class="failedeven"><td rowspan="1">testscripts.ManageSlidersTest</td><td><a href="#m6">initializeBrowser</a></td><td rowspan="1">1707541146697</td><td rowspan="1">1402</td></tr><tr class="failedodd"><td rowspan="1">testscripts.MenuTest</td><td><a href="#m7">initializeBrowser</a></td><td rowspan="1">1707541148102</td><td rowspan="1">1613</td></tr><tr class="failedeven"><td rowspan="1">testscripts.MobileSliderTest</td><td><a href="#m8">initializeBrowser</a></td><td rowspan="1">1707541149719</td><td rowspan="1">3261</td></tr><tr class="failedodd"><td rowspan="1">testscripts.PushNotificationTest</td><td><a href="#m9">initializeBrowser</a></td><td rowspan="1">1707541152980</td><td rowspan="1">5068</td></tr><tr><th colspan="4">Test &#8212; skipped (configuration methods)</th></tr><tr class="skippedeven"><td rowspan="1">testscripts.AddLocationsTest</td><td><a href="#m10">driverQuit</a></td><td rowspan="1">1707541142202</td><td rowspan="1">0</td></tr><tr class="skippedodd"><td rowspan="1">testscripts.AdminUsersTest</td><td><a href="#m11">driverQuit</a></td><td rowspan="1">1707541140752</td><td rowspan="1">0</td></tr><tr class="skippedeven"><td rowspan="7">testscripts.LoginTest</td><td><a href="#m12">driverQuit</a></td><td rowspan="4">1707541139286</td><td rowspan="4">0</td></tr><tr class="skippedeven"><td><a href="#m13">driverQuit</a></td></tr><tr class="skippedeven"><td><a href="#m14">driverQuit</a></td></tr><tr class="skippedeven"><td><a href="#m15">driverQuit</a></td></tr><tr class="skippedeven"><td><a href="#m16">initializeBrowser</a></td><td rowspan="3">1707541139273</td><td rowspan="3">0</td></tr><tr class="skippedeven"><td><a href="#m17">initializeBrowser</a></td></tr><tr class="skippedeven"><td><a href="#m18">initializeBrowser</a></td></tr><tr class="skippedodd"><td rowspan="1">testscripts.ManageDeliveryBoyTest</td><td><a href="#m19">driverQuit</a></td><td rowspan="1">1707541143731</td><td rowspan="1">0</td></tr><tr class="skippedeven"><td rowspan="1">testscripts.ManageOfferCodeTest</td><td><a href="#m20">driverQuit</a></td><td rowspan="1">1707541145147</td><td rowspan="1">0</td></tr><tr class="skippedodd"><td rowspan="1">testscripts.ManageOrdersTest</td><td><a href="#m21">driverQuit</a></td><td rowspan="1">1707541146697</td><td rowspan="1">0</td></tr><tr class="skippedeven"><td rowspan="1">testscripts.ManageSlidersTest</td><td><a href="#m22">driverQuit</a></td><td rowspan="1">1707541148101</td><td rowspan="1">0</td></tr><tr class="skippedodd"><td rowspan="1">testscripts.MenuTest</td><td><a href="#m23">driverQuit</a></td><td rowspan="1">1707541149718</td><td rowspan="1">0</td></tr><tr class="skippedeven"><td rowspan="1">testscripts.MobileSliderTest</td><td><a href="#m24">driverQuit</a></td><td rowspan="1">1707541152980</td><td rowspan="1">0</td></tr><tr class="skippedodd"><td rowspan="1">testscripts.PushNotificationTest</td><td><a href="#m25">driverQuit</a></td><td rowspan="1">1707541158048</td><td rowspan="1">0</td></tr><tr><th colspan="4">Test &#8212; skipped</th></tr><tr class="skippedeven"><td rowspan="1">testscripts.AddLocationsTest</td><td><a href="#m26">verifyWetherUserCanAddNewLocation</a></td><td rowspan="1">1707541142200</td><td rowspan="1">0</td></tr><tr class="skippedodd"><td rowspan="1">testscripts.AdminUsersTest</td><td><a href="#m27">verifyThatANewAdminUserCanBeAddedToAdminUsersTable</a></td><td rowspan="1">1707541140752</td><td rowspan="1">0</td></tr><tr class="skippedeven"><td rowspan="4">testscripts.LoginTest</td><td><a href="#m28">VerifyWhetherUserCanLoginUsingBothInvalidCredentials</a></td><td rowspan="1">1707541139260</td><td rowspan="1">0</td></tr><tr class="skippedeven"><td><a href="#m29">VerifyWhetherUserCanLoginUsingInvalidUsernameButValidPassword</a></td><td rowspan="1">1707541139274</td><td rowspan="1">0</td></tr><tr class="skippedeven"><td><a href="#m30">VerifyWhetherUserCanLoginUsingValidUsernameButInvalidPassword</a></td><td rowspan="1">1707541139279</td><td rowspan="1">0</td></tr><tr class="skippedeven"><td><a href="#m31">verifyWhetherUserCanLoginUsingBothValidCredentials</a></td><td rowspan="1">1707541139284</td><td rowspan="1">0</td></tr><tr class="skippedodd"><td rowspan="1">testscripts.ManageDeliveryBoyTest</td><td><a href="#m32">verifyWhenUserSearchDeliveryBoyUsingCredentialsItDisplaysDetailsOfCorrespondingDeliveryBoy</a></td><td rowspan="1">1707541143731</td><td rowspan="1">0</td></tr><tr class="skippedeven"><td rowspan="1">testscripts.ManageOfferCodeTest</td><td><a href="#m33">verifyWhetherTheUserIsAbleToAddANewOfferCodeInTheManageOfferCodePage</a></td><td rowspan="1">1707541145147</td><td rowspan="1">0</td></tr><tr class="skippedodd"><td rowspan="1">testscripts.ManageOrdersTest</td><td><a href="#m34">verifyThatTheUserCanSeeTheOrderDetailsInTheManageOrdersPage</a></td><td rowspan="1">1707541146697</td><td rowspan="1">0</td></tr><tr class="skippedeven"><td rowspan="1">testscripts.ManageSlidersTest</td><td><a href="#m35">verifyThatUserIsAbleToUploadAnImageAndLinkToListSliders</a></td><td rowspan="1">1707541148100</td><td rowspan="1">0</td></tr><tr class="skippedodd"><td rowspan="1">testscripts.MenuTest</td><td><a href="#m36">verifyThatWhenClickedOnMenuItemsNavigatesToTheCorrespondingPage</a></td><td rowspan="1">1707541149717</td><td rowspan="1">0</td></tr><tr class="skippedeven"><td rowspan="1">testscripts.MobileSliderTest</td><td><a href="#m37">verifyThatTheUserCanAddANewSliderInTheMobileSliderPage</a></td><td rowspan="1">1707541152980</td><td rowspan="1">0</td></tr><tr class="skippedodd"><td rowspan="1">testscripts.PushNotificationTest</td><td><a href="#m38">verifyThatTheUserCanSendAMessageInPushNotificationPage</a></td><td rowspan="1">1707541158048</td><td rowspan="1">0</td></tr></tbody>
</table>
<h2>Test</h2><h3 id="m0">testscripts.AddLocationsTest#initializeBrowser</h3><table class="result"><tr class="param"><th>Parameter #1</th></tr><tr class="param stripe"><td>chrome</td></tr><tr><th>Exception</th></tr><tr><td><div class="stacktrace">java.lang.NullPointerException: Cannot invoke &quot;utilities.WaitUtility.ImplicitWait(org.openqa.selenium.WebDriver)&quot; because &quot;this.waitutility&quot; is null
	at testscripts.Base.initializeBrowser(Base.java:40)
	at java.base/java.util.ArrayList.forEach(ArrayList.java:1511)
... Removed 29 stack frames</div></td></tr></table><p class="totop"><a href="#summary">back to summary</a></p>
<h3 id="m1">testscripts.AdminUsersTest#initializeBrowser</h3><table class="result"><tr class="param"><th>Parameter #1</th></tr><tr class="param stripe"><td>chrome</td></tr><tr><th>Exception</th></tr><tr><td><div class="stacktrace">java.lang.NullPointerException: Cannot invoke &quot;utilities.WaitUtility.ImplicitWait(org.openqa.selenium.WebDriver)&quot; because &quot;this.waitutility&quot; is null
	at testscripts.Base.initializeBrowser(Base.java:40)
	at java.base/java.util.ArrayList.forEach(ArrayList.java:1511)
... Removed 29 stack frames</div></td></tr></table><p class="totop"><a href="#summary">back to summary</a></p>
<h3 id="m2">testscripts.LoginTest#initializeBrowser</h3><table class="result"><tr class="param"><th>Parameter #1</th></tr><tr class="param stripe"><td>chrome</td></tr><tr><th>Exception</th></tr><tr><td><div class="stacktrace">java.lang.NullPointerException: Cannot invoke &quot;utilities.WaitUtility.ImplicitWait(org.openqa.selenium.WebDriver)&quot; because &quot;this.waitutility&quot; is null
	at testscripts.Base.initializeBrowser(Base.java:40)
	at java.base/java.util.ArrayList.forEach(ArrayList.java:1511)
... Removed 29 stack frames</div></td></tr></table><p class="totop"><a href="#summary">back to summary</a></p>
<h3 id="m3">testscripts.ManageDeliveryBoyTest#initializeBrowser</h3><table class="result"><tr class="param"><th>Parameter #1</th></tr><tr class="param stripe"><td>chrome</td></tr><tr><th>Exception</th></tr><tr><td><div class="stacktrace">java.lang.NullPointerException: Cannot invoke &quot;utilities.WaitUtility.ImplicitWait(org.openqa.selenium.WebDriver)&quot; because &quot;this.waitutility&quot; is null
	at testscripts.Base.initializeBrowser(Base.java:40)
	at java.base/java.util.ArrayList.forEach(ArrayList.java:1511)
... Removed 29 stack frames</div></td></tr></table><p class="totop"><a href="#summary">back to summary</a></p>
<h3 id="m4">testscripts.ManageOfferCodeTest#initializeBrowser</h3><table class="result"><tr class="param"><th>Parameter #1</th></tr><tr class="param stripe"><td>chrome</td></tr><tr><th>Exception</th></tr><tr><td><div class="stacktrace">java.lang.NullPointerException: Cannot invoke &quot;utilities.WaitUtility.ImplicitWait(org.openqa.selenium.WebDriver)&quot; because &quot;this.waitutility&quot; is null
	at testscripts.Base.initializeBrowser(Base.java:40)
	at java.base/java.util.ArrayList.forEach(ArrayList.java:1511)
... Removed 29 stack frames</div></td></tr></table><p class="totop"><a href="#summary">back to summary</a></p>
<h3 id="m5">testscripts.ManageOrdersTest#initializeBrowser</h3><table class="result"><tr class="param"><th>Parameter #1</th></tr><tr class="param stripe"><td>chrome</td></tr><tr><th>Exception</th></tr><tr><td><div class="stacktrace">java.lang.NullPointerException: Cannot invoke &quot;utilities.WaitUtility.ImplicitWait(org.openqa.selenium.WebDriver)&quot; because &quot;this.waitutility&quot; is null
	at testscripts.Base.initializeBrowser(Base.java:40)
	at java.base/java.util.ArrayList.forEach(ArrayList.java:1511)
... Removed 29 stack frames</div></td></tr></table><p class="totop"><a href="#summary">back to summary</a></p>
<h3 id="m6">testscripts.ManageSlidersTest#initializeBrowser</h3><table class="result"><tr class="param"><th>Parameter #1</th></tr><tr class="param stripe"><td>chrome</td></tr><tr><th>Exception</th></tr><tr><td><div class="stacktrace">java.lang.NullPointerException: Cannot invoke &quot;utilities.WaitUtility.ImplicitWait(org.openqa.selenium.WebDriver)&quot; because &quot;this.waitutility&quot; is null
	at testscripts.Base.initializeBrowser(Base.java:40)
	at java.base/java.util.ArrayList.forEach(ArrayList.java:1511)
... Removed 29 stack frames</div></td></tr></table><p class="totop"><a href="#summary">back to summary</a></p>
<h3 id="m7">testscripts.MenuTest#initializeBrowser</h3><table class="result"><tr class="param"><th>Parameter #1</th></tr><tr class="param stripe"><td>chrome</td></tr><tr><th>Exception</th></tr><tr><td><div class="stacktrace">java.lang.NullPointerException: Cannot invoke &quot;utilities.WaitUtility.ImplicitWait(org.openqa.selenium.WebDriver)&quot; because &quot;this.waitutility&quot; is null
	at testscripts.Base.initializeBrowser(Base.java:40)
	at java.base/java.util.ArrayList.forEach(ArrayList.java:1511)
... Removed 29 stack frames</div></td></tr></table><p class="totop"><a href="#summary">back to summary</a></p>
<h3 id="m8">testscripts.MobileSliderTest#initializeBrowser</h3><table class="result"><tr class="param"><th>Parameter #1</th></tr><tr class="param stripe"><td>chrome</td></tr><tr><th>Exception</th></tr><tr><td><div class="stacktrace">java.lang.NullPointerException: Cannot invoke &quot;utilities.WaitUtility.ImplicitWait(org.openqa.selenium.WebDriver)&quot; because &quot;this.waitutility&quot; is null
	at testscripts.Base.initializeBrowser(Base.java:40)
	at java.base/java.util.ArrayList.forEach(ArrayList.java:1511)
... Removed 29 stack frames</div></td></tr></table><p class="totop"><a href="#summary">back to summary</a></p>
<h3 id="m9">testscripts.PushNotificationTest#initializeBrowser</h3><table class="result"><tr class="param"><th>Parameter #1</th></tr><tr class="param stripe"><td>chrome</td></tr><tr><th>Exception</th></tr><tr><td><div class="stacktrace">java.lang.NullPointerException: Cannot invoke &quot;utilities.WaitUtility.ImplicitWait(org.openqa.selenium.WebDriver)&quot; because &quot;this.waitutility&quot; is null
	at testscripts.Base.initializeBrowser(Base.java:40)
	at java.base/java.util.ArrayList.forEach(ArrayList.java:1511)
... Removed 29 stack frames</div></td></tr></table><p class="totop"><a href="#summary">back to summary</a></p>
<h3 id="m10">testscripts.AddLocationsTest#driverQuit</h3><table class="result"><tr><th class="invisible"/></tr></table><p class="totop"><a href="#summary">back to summary</a></p>
<h3 id="m11">testscripts.AdminUsersTest#driverQuit</h3><table class="result"><tr><th class="invisible"/></tr></table><p class="totop"><a href="#summary">back to summary</a></p>
<h3 id="m12">testscripts.LoginTest#driverQuit</h3><table class="result"><tr><th class="invisible"/></tr></table><p class="totop"><a href="#summary">back to summary</a></p>
<h3 id="m13">testscripts.LoginTest#driverQuit</h3><table class="result"><tr><th class="invisible"/></tr></table><p class="totop"><a href="#summary">back to summary</a></p>
<h3 id="m14">testscripts.LoginTest#driverQuit</h3><table class="result"><tr><th class="invisible"/></tr></table><p class="totop"><a href="#summary">back to summary</a></p>
<h3 id="m15">testscripts.LoginTest#driverQuit</h3><table class="result"><tr><th class="invisible"/></tr></table><p class="totop"><a href="#summary">back to summary</a></p>
<h3 id="m16">testscripts.LoginTest#initializeBrowser</h3><table class="result"><tr><th class="invisible"/></tr></table><p class="totop"><a href="#summary">back to summary</a></p>
<h3 id="m17">testscripts.LoginTest#initializeBrowser</h3><table class="result"><tr><th class="invisible"/></tr></table><p class="totop"><a href="#summary">back to summary</a></p>
<h3 id="m18">testscripts.LoginTest#initializeBrowser</h3><table class="result"><tr><th class="invisible"/></tr></table><p class="totop"><a href="#summary">back to summary</a></p>
<h3 id="m19">testscripts.ManageDeliveryBoyTest#driverQuit</h3><table class="result"><tr><th class="invisible"/></tr></table><p class="totop"><a href="#summary">back to summary</a></p>
<h3 id="m20">testscripts.ManageOfferCodeTest#driverQuit</h3><table class="result"><tr><th class="invisible"/></tr></table><p class="totop"><a href="#summary">back to summary</a></p>
<h3 id="m21">testscripts.ManageOrdersTest#driverQuit</h3><table class="result"><tr><th class="invisible"/></tr></table><p class="totop"><a href="#summary">back to summary</a></p>
<h3 id="m22">testscripts.ManageSlidersTest#driverQuit</h3><table class="result"><tr><th class="invisible"/></tr></table><p class="totop"><a href="#summary">back to summary</a></p>
<h3 id="m23">testscripts.MenuTest#driverQuit</h3><table class="result"><tr><th class="invisible"/></tr></table><p class="totop"><a href="#summary">back to summary</a></p>
<h3 id="m24">testscripts.MobileSliderTest#driverQuit</h3><table class="result"><tr><th class="invisible"/></tr></table><p class="totop"><a href="#summary">back to summary</a></p>
<h3 id="m25">testscripts.PushNotificationTest#driverQuit</h3><table class="result"><tr><th class="invisible"/></tr></table><p class="totop"><a href="#summary">back to summary</a></p>
<h3 id="m26">testscripts.AddLocationsTest#verifyWetherUserCanAddNewLocation</h3><table class="result"><tr><th>Exception</th></tr><tr><td><div class="stacktrace">java.lang.NullPointerException: Cannot invoke &quot;utilities.WaitUtility.ImplicitWait(org.openqa.selenium.WebDriver)&quot; because &quot;this.waitutility&quot; is null
	at testscripts.Base.initializeBrowser(Base.java:40)
	at java.base/java.util.ArrayList.forEach(ArrayList.java:1511)
... Removed 29 stack frames</div></td></tr></table><p class="totop"><a href="#summary">back to summary</a></p>
<h3 id="m27">testscripts.AdminUsersTest#verifyThatANewAdminUserCanBeAddedToAdminUsersTable</h3><table class="result"><tr><th>Exception</th></tr><tr><td><div class="stacktrace">java.lang.NullPointerException: Cannot invoke &quot;utilities.WaitUtility.ImplicitWait(org.openqa.selenium.WebDriver)&quot; because &quot;this.waitutility&quot; is null
	at testscripts.Base.initializeBrowser(Base.java:40)
	at java.base/java.util.ArrayList.forEach(ArrayList.java:1511)
... Removed 29 stack frames</div></td></tr></table><p class="totop"><a href="#summary">back to summary</a></p>
<h3 id="m28">testscripts.LoginTest#VerifyWhetherUserCanLoginUsingBothInvalidCredentials</h3><table class="result"><tr class="param"><th>Parameter #1</th><th>Parameter #2</th></tr><tr class="param stripe"><td>adnim</td><td>qwerty</td></tr><tr><th colspan="2">Exception</th></tr><tr><td colspan="2"><div class="stacktrace">java.lang.NullPointerException: Cannot invoke &quot;utilities.WaitUtility.ImplicitWait(org.openqa.selenium.WebDriver)&quot; because &quot;this.waitutility&quot; is null
	at testscripts.Base.initializeBrowser(Base.java:40)
	at java.base/java.util.ArrayList.forEach(ArrayList.java:1511)
... Removed 29 stack frames</div></td></tr></table><p class="totop"><a href="#summary">back to summary</a></p>
<h3 id="m29">testscripts.LoginTest#VerifyWhetherUserCanLoginUsingInvalidUsernameButValidPassword</h3><table class="result"><tr><th>Exception</th></tr><tr><td><div class="stacktrace">java.lang.NullPointerException: Cannot invoke &quot;utilities.WaitUtility.ImplicitWait(org.openqa.selenium.WebDriver)&quot; because &quot;this.waitutility&quot; is null
	at testscripts.Base.initializeBrowser(Base.java:40)
	at java.base/java.util.ArrayList.forEach(ArrayList.java:1511)
... Removed 29 stack frames</div></td></tr></table><p class="totop"><a href="#summary">back to summary</a></p>
<h3 id="m30">testscripts.LoginTest#VerifyWhetherUserCanLoginUsingValidUsernameButInvalidPassword</h3><table class="result"><tr><th>Exception</th></tr><tr><td><div class="stacktrace">java.lang.NullPointerException: Cannot invoke &quot;utilities.WaitUtility.ImplicitWait(org.openqa.selenium.WebDriver)&quot; because &quot;this.waitutility&quot; is null
	at testscripts.Base.initializeBrowser(Base.java:40)
	at java.base/java.util.ArrayList.forEach(ArrayList.java:1511)
... Removed 29 stack frames</div></td></tr></table><p class="totop"><a href="#summary">back to summary</a></p>
<h3 id="m31">testscripts.LoginTest#verifyWhetherUserCanLoginUsingBothValidCredentials</h3><table class="result"><tr><th>Exception</th></tr><tr><td><div class="stacktrace">java.lang.NullPointerException: Cannot invoke &quot;utilities.WaitUtility.ImplicitWait(org.openqa.selenium.WebDriver)&quot; because &quot;this.waitutility&quot; is null
	at testscripts.Base.initializeBrowser(Base.java:40)
	at java.base/java.util.ArrayList.forEach(ArrayList.java:1511)
... Removed 29 stack frames</div></td></tr></table><p class="totop"><a href="#summary">back to summary</a></p>
<h3 id="m32">testscripts.ManageDeliveryBoyTest#verifyWhenUserSearchDeliveryBoyUsingCredentialsItDisplaysDetailsOfCorrespondingDeliveryBoy</h3><table class="result"><tr><th>Exception</th></tr><tr><td><div class="stacktrace">java.lang.NullPointerException: Cannot invoke &quot;utilities.WaitUtility.ImplicitWait(org.openqa.selenium.WebDriver)&quot; because &quot;this.waitutility&quot; is null
	at testscripts.Base.initializeBrowser(Base.java:40)
	at java.base/java.util.ArrayList.forEach(ArrayList.java:1511)
... Removed 29 stack frames</div></td></tr></table><p class="totop"><a href="#summary">back to summary</a></p>
<h3 id="m33">testscripts.ManageOfferCodeTest#verifyWhetherTheUserIsAbleToAddANewOfferCodeInTheManageOfferCodePage</h3><table class="result"><tr><th>Exception</th></tr><tr><td><div class="stacktrace">java.lang.NullPointerException: Cannot invoke &quot;utilities.WaitUtility.ImplicitWait(org.openqa.selenium.WebDriver)&quot; because &quot;this.waitutility&quot; is null
	at testscripts.Base.initializeBrowser(Base.java:40)
	at java.base/java.util.ArrayList.forEach(ArrayList.java:1511)
... Removed 29 stack frames</div></td></tr></table><p class="totop"><a href="#summary">back to summary</a></p>
<h3 id="m34">testscripts.ManageOrdersTest#verifyThatTheUserCanSeeTheOrderDetailsInTheManageOrdersPage</h3><table class="result"><tr><th>Exception</th></tr><tr><td><div class="stacktrace">java.lang.NullPointerException: Cannot invoke &quot;utilities.WaitUtility.ImplicitWait(org.openqa.selenium.WebDriver)&quot; because &quot;this.waitutility&quot; is null
	at testscripts.Base.initializeBrowser(Base.java:40)
	at java.base/java.util.ArrayList.forEach(ArrayList.java:1511)
... Removed 29 stack frames</div></td></tr></table><p class="totop"><a href="#summary">back to summary</a></p>
<h3 id="m35">testscripts.ManageSlidersTest#verifyThatUserIsAbleToUploadAnImageAndLinkToListSliders</h3><table class="result"><tr><th>Exception</th></tr><tr><td><div class="stacktrace">java.lang.NullPointerException: Cannot invoke &quot;utilities.WaitUtility.ImplicitWait(org.openqa.selenium.WebDriver)&quot; because &quot;this.waitutility&quot; is null
	at testscripts.Base.initializeBrowser(Base.java:40)
	at java.base/java.util.ArrayList.forEach(ArrayList.java:1511)
... Removed 29 stack frames</div></td></tr></table><p class="totop"><a href="#summary">back to summary</a></p>
<h3 id="m36">testscripts.MenuTest#verifyThatWhenClickedOnMenuItemsNavigatesToTheCorrespondingPage</h3><table class="result"><tr><th>Exception</th></tr><tr><td><div class="stacktrace">java.lang.NullPointerException: Cannot invoke &quot;utilities.WaitUtility.ImplicitWait(org.openqa.selenium.WebDriver)&quot; because &quot;this.waitutility&quot; is null
	at testscripts.Base.initializeBrowser(Base.java:40)
	at java.base/java.util.ArrayList.forEach(ArrayList.java:1511)
... Removed 29 stack frames</div></td></tr></table><p class="totop"><a href="#summary">back to summary</a></p>
<h3 id="m37">testscripts.MobileSliderTest#verifyThatTheUserCanAddANewSliderInTheMobileSliderPage</h3><table class="result"><tr><th>Exception</th></tr><tr><td><div class="stacktrace">java.lang.NullPointerException: Cannot invoke &quot;utilities.WaitUtility.ImplicitWait(org.openqa.selenium.WebDriver)&quot; because &quot;this.waitutility&quot; is null
	at testscripts.Base.initializeBrowser(Base.java:40)
	at java.base/java.util.ArrayList.forEach(ArrayList.java:1511)
... Removed 29 stack frames</div></td></tr></table><p class="totop"><a href="#summary">back to summary</a></p>
<h3 id="m38">testscripts.PushNotificationTest#verifyThatTheUserCanSendAMessageInPushNotificationPage</h3><table class="result"><tr><th>Exception</th></tr><tr><td><div class="stacktrace">java.lang.NullPointerException: Cannot invoke &quot;utilities.WaitUtility.ImplicitWait(org.openqa.selenium.WebDriver)&quot; because &quot;this.waitutility&quot; is null
	at testscripts.Base.initializeBrowser(Base.java:40)
	at java.base/java.util.ArrayList.forEach(ArrayList.java:1511)
... Removed 29 stack frames</div></td></tr></table><p class="totop"><a href="#summary">back to summary</a></p>
</body>
</html>
